<?xml version="1.0" encoding="UTF-8"?>
<!-- Generated by org.testng.reporters.JUnitReportReporter -->
<testsuite hostname="DESKTOP-BPKGB3T" failures="0" tests="3" name="AmozonApplication.AmozonAppDockerTest" time="239.244" errors="0" timestamp="2024-01-20T16:29:42 IST" skipped="0">
  <testcase classname="AmozonApplication.AmozonAppDockerTest" name="CrossbrowserTest" time="175.194"/>
  <system-out/>
  <testcase classname="AmozonApplication.AmozonAppDockerTest" name="CrossbrowserTest" time="35.044"/>
  <system-out/>
  <testcase classname="AmozonApplication.AmozonAppDockerTest" name="CrossbrowserTest" time="29.006"/>
  <system-out/>
</testsuite> <!-- AmozonApplication.AmozonAppDockerTest -->
